Using pre-set license
Built from '2021.3/staging' branch; Version is '2021.3.21f1 (1b156197d683) revision 1774945'; Using compiler version '192829333'; Build Type 'Release'
OS: 'Windows 10  (10.0.19045) 64bit Professional' Language: 'en' Physical Memory: 16281 MB
BatchMode: 1, IsHumanControllingUs: 0, StartBugReporterOnCrash: 0, Is64bit: 1, IsPro: 1

COMMAND LINE ARGUMENTS:
C:\Program Files\Unity\Hub\Editor\2021.3.21f1\Editor\Unity.exe
-adb2
-batchMode
-noUpm
-name
AssetImportWorker2
-projectPath
C:/Users/Migoi/Desktop/Hieu/Unity-game
-logFile
Logs/AssetImportWorker2.log
-srvPort
52029
Successfully changed project path to: C:/Users/Migoi/Desktop/Hieu/Unity-game
C:/Users/Migoi/Desktop/Hieu/Unity-game
[UnityMemory] Configuration Parameters - Can be set up in boot.config
    "memorysetup-bucket-allocator-granularity=16"
    "memorysetup-bucket-allocator-bucket-count=8"
    "memorysetup-bucket-allocator-block-size=33554432"
    "memorysetup-bucket-allocator-block-count=8"
    "memorysetup-main-allocator-block-size=16777216"
    "memorysetup-thread-allocator-block-size=16777216"
    "memorysetup-gfx-main-allocator-block-size=16777216"
    "memorysetup-gfx-thread-allocator-block-size=16777216"
    "memorysetup-cache-allocator-block-size=4194304"
    "memorysetup-typetree-allocator-block-size=2097152"
    "memorysetup-profiler-bucket-allocator-granularity=16"
    "memorysetup-profiler-bucket-allocator-bucket-count=8"
    "memorysetup-profiler-bucket-allocator-block-size=33554432"
    "memorysetup-profiler-bucket-allocator-block-count=8"
    "memorysetup-profiler-allocator-block-size=16777216"
    "memorysetup-profiler-editor-allocator-block-size=1048576"
    "memorysetup-temp-allocator-size-main=16777216"
    "memorysetup-job-temp-allocator-block-size=2097152"
    "memorysetup-job-temp-allocator-block-size-background=1048576"
    "memorysetup-job-temp-allocator-reduction-small-platforms=262144"
    "memorysetup-temp-allocator-size-background-worker=32768"
    "memorysetup-temp-allocator-size-job-worker=262144"
    "memorysetup-temp-allocator-size-preload-manager=33554432"
    "memorysetup-temp-allocator-size-nav-mesh-worker=65536"
    "memorysetup-temp-allocator-size-audio-worker=65536"
    "memorysetup-temp-allocator-size-cloud-worker=32768"
    "memorysetup-temp-allocator-size-gi-baking-worker=262144"
    "memorysetup-temp-allocator-size-gfx=262144"
Player connection [9072] Host "[IP] 192.168.1.60 [Port] 0 [Flags] 2 [Guid] 4112970412 [EditorId] 4112970412 [Version] 1048832 [Id] WindowsEditor(7,DESKTOP-58MH4AT) [Debug] 1 [PackageName] WindowsEditor [ProjectName] Editor" joined multi-casting on [225.0.0.222:54997]...

Player connection [9072] Host "[IP] 192.168.1.60 [Port] 0 [Flags] 2 [Guid] 4112970412 [EditorId] 4112970412 [Version] 1048832 [Id] WindowsEditor(7,DESKTOP-58MH4AT) [Debug] 1 [PackageName] WindowsEditor [ProjectName] Editor" joined alternative multi-casting on [225.0.0.222:34997]...

Refreshing native plugins compatible for Editor in 97.25 ms, found 3 plugins.
Preloading 0 native plugins for Editor in 0.00 ms.
Initialize engine version: 2021.3.21f1 (1b156197d683)
[Subsystems] Discovering subsystems at path C:/Program Files/Unity/Hub/Editor/2021.3.21f1/Editor/Data/Resources/UnitySubsystems
[Subsystems] Discovering subsystems at path C:/Users/Migoi/Desktop/Hieu/Unity-game/Assets
GfxDevice: creating device client; threaded=0; jobified=0
Direct3D:
    Version:  Direct3D 11.0 [level 11.1]
    Renderer: NVIDIA GeForce GTX 1650 SUPER (ID=0x2187)
    Vendor:   NVIDIA
    VRAM:     3955 MB
    Driver:   31.0.15.1694
Initialize mono
Mono path[0] = 'C:/Program Files/Unity/Hub/Editor/2021.3.21f1/Editor/Data/Managed'
Mono path[1] = 'C:/Program Files/Unity/Hub/Editor/2021.3.21f1/Editor/Data/MonoBleedingEdge/lib/mono/unityjit-win32'
Mono config path = 'C:/Program Files/Unity/Hub/Editor/2021.3.21f1/Editor/Data/MonoBleedingEdge/etc'
Using monoOptions --debugger-agent=transport=dt_socket,embedding=1,server=y,suspend=n,address=127.0.0.1:56956
Begin MonoManager ReloadAssembly
Registering precompiled unity dll's ...
Register platform support module: C:/Program Files/Unity/Hub/Editor/2021.3.21f1/Editor/Data/PlaybackEngines/WebGLSupport/UnityEditor.WebGL.Extensions.dll
Register platform support module: C:/Program Files/Unity/Hub/Editor/2021.3.21f1/Editor/Data/PlaybackEngines/AndroidPlayer/UnityEditor.Android.Extensions.dll
Register platform support module: C:/Program Files/Unity/Hub/Editor/2021.3.21f1/Editor/Data/PlaybackEngines/WindowsStandaloneSupport/UnityEditor.WindowsStandalone.Extensions.dll
Registered in 0.006952 seconds.
Native extension for WindowsStandalone target not found
Native extension for Android target not found
Android Extension - Scanning For ADB Devices 217 ms
Native extension for WebGL target not found
Refreshing native plugins compatible for Editor in 88.58 ms, found 3 plugins.
Preloading 0 native plugins for Editor in 0.00 ms.
Mono: successfully reloaded assembly
- Completed reload, in  0.871 seconds
Domain Reload Profiling:
	ReloadAssembly (872ms)
		BeginReloadAssembly (84ms)
			ExecutionOrderSort (0ms)
			DisableScriptedObjects (0ms)
			BackupInstance (0ms)
			ReleaseScriptingObjects (0ms)
			CreateAndSetChildDomain (1ms)
		EndReloadAssembly (694ms)
			LoadAssemblies (82ms)
			RebuildTransferFunctionScriptingTraits (0ms)
			SetupTypeCache (106ms)
			ReleaseScriptCaches (0ms)
			RebuildScriptCaches (30ms)
			SetupLoadedEditorAssemblies (507ms)
				LogAssemblyErrors (0ms)
				InitializePlatformSupportModulesInManaged (283ms)
				SetLoadedEditorAssemblies (0ms)
				RefreshPlugins (89ms)
				BeforeProcessingInitializeOnLoad (2ms)
				ProcessInitializeOnLoadAttributes (91ms)
				ProcessInitializeOnLoadMethodAttributes (42ms)
				AfterProcessingInitializeOnLoad (0ms)
				EditorAssembliesLoaded (0ms)
			ExecutionOrderSort2 (0ms)
			AwakeInstancesAfterBackupRestoration (0ms)
Platform modules already initialized, skipping
Registering precompiled user dll's ...
Registered in 0.004841 seconds.
Begin MonoManager ReloadAssembly
Symbol file LoadedFromMemory doesn't match image C:\Users\Migoi\Desktop\Hieu\Unity-game\Library\PackageCache\com.unity.visualscripting@1.8.0\Editor\VisualScripting.Core\Dependencies\YamlDotNet\Unity.VisualScripting.YamlDotNet.dll
Symbol file LoadedFromMemory doesn't match image C:\Users\Migoi\Desktop\Hieu\Unity-game\Library\PackageCache\com.unity.visualscripting@1.8.0\Editor\VisualScripting.Core\Dependencies\DotNetZip\Unity.VisualScripting.IonicZip.dll
Native extension for WindowsStandalone target not found
Native extension for Android target not found
Native extension for WebGL target not found
Refreshing native plugins compatible for Editor in 0.50 ms, found 3 plugins.
Preloading 0 native plugins for Editor in 0.00 ms.
Mono: successfully reloaded assembly
- Completed reload, in  1.003 seconds
Domain Reload Profiling:
	ReloadAssembly (1004ms)
		BeginReloadAssembly (117ms)
			ExecutionOrderSort (0ms)
			DisableScriptedObjects (6ms)
			BackupInstance (0ms)
			ReleaseScriptingObjects (0ms)
			CreateAndSetChildDomain (21ms)
		EndReloadAssembly (777ms)
			LoadAssemblies (89ms)
			RebuildTransferFunctionScriptingTraits (0ms)
			SetupTypeCache (262ms)
			ReleaseScriptCaches (1ms)
			RebuildScriptCaches (51ms)
			SetupLoadedEditorAssemblies (344ms)
				LogAssemblyErrors (0ms)
				InitializePlatformSupportModulesInManaged (19ms)
				SetLoadedEditorAssemblies (0ms)
				RefreshPlugins (1ms)
				BeforeProcessingInitializeOnLoad (86ms)
				ProcessInitializeOnLoadAttributes (213ms)
				ProcessInitializeOnLoadMethodAttributes (18ms)
				AfterProcessingInitializeOnLoad (6ms)
				EditorAssembliesLoaded (0ms)
			ExecutionOrderSort2 (0ms)
			AwakeInstancesAfterBackupRestoration (4ms)
Platform modules already initialized, skipping
========================================================================
Worker process is ready to serve import requests
Launched and connected shader compiler UnityShaderCompiler.exe after 0.03 seconds
Refreshing native plugins compatible for Editor in 0.61 ms, found 3 plugins.
Preloading 0 native plugins for Editor in 0.00 ms.
Unloading 3076 Unused Serialized files (Serialized files now loaded: 0)
Unloading 24 unused Assets / (113.6 KB). Loaded Objects now: 3543.
Memory consumption went from 110.7 MB to 110.6 MB.
Total: 4.440600 ms (FindLiveObjects: 0.325800 ms CreateObjectMapping: 0.242100 ms MarkObjects: 3.706900 ms  DeleteObjects: 0.164500 ms)

AssetImportParameters requested are different than current active one (requested -> active):
  custom:video-decoder-ogg-theora: a1e56fd34408186e4bbccfd4996cb3dc -> 
  custom:container-muxer-webm: aa71ff27fc2769a1b78a27578f13a17b -> 
  custom:container-demuxer-webm: 4f35f7cbe854078d1ac9338744f61a02 -> 
  custom:video-encoder-webm-vp8: eb34c28f22e8b96e1ab97ce403110664 -> 
  custom:audio-encoder-webm-vorbis: bf7c407c2cedff20999df2af8eb42d56 -> 
  custom:framework-win-MediaFoundation: 216162199b28c13a410421893ffa2e32 -> 
  custom:container-demuxer-ogg: 62fdf1f143b41e24485cea50d1cbac27 -> 
  custom:video-decoder-webm-vp8: 9c59270c3fd7afecdb556c50c9e8de78 -> 
  custom:audio-decoder-ogg-vorbis: bf7c407c2cedff20999df2af8eb42d56 -> 
========================================================================
Received Import Request.
  Time since last request: 41290.986404 seconds.
  path: Assets/Course Library/_Source_Files/Materials/FX_Dust.mat
  artifactKey: Guid(cd97a4f0bfba00a46a4a29156f2a23bd) Importer(815301076,1909f56bfc062723c751e8b465ee728b)
Start importing Assets/Course Library/_Source_Files/Materials/FX_Dust.mat using Guid(cd97a4f0bfba00a46a4a29156f2a23bd) Importer(815301076,1909f56bfc062723c751e8b465ee728b)  -> (artifact id: '984b9b2461077bd2b88af2089d689f94') in 0.104118 seconds 
========================================================================
Received Import Request.
  Time since last request: 20.915065 seconds.
  path: Assets/Prefabs/Potion_01.prefab
  artifactKey: Guid(8ceedb96099aa1f4b9a66d9b182deb93) Importer(815301076,1909f56bfc062723c751e8b465ee728b)
Start importing Assets/Prefabs/Potion_01.prefab using Guid(8ceedb96099aa1f4b9a66d9b182deb93) Importer(815301076,1909f56bfc062723c751e8b465ee728b)  -> (artifact id: '78c75ac80f295d91593347e4f1c8075b') in 0.040511 seconds 
========================================================================
Received Import Request.
  Time since last request: 11.435625 seconds.
  path: Assets/Prefabs/PreFab.prefab
  artifactKey: Guid(8ceedb96099aa1f4b9a66d9b182deb93) Importer(815301076,1909f56bfc062723c751e8b465ee728b)
Start importing Assets/Prefabs/PreFab.prefab using Guid(8ceedb96099aa1f4b9a66d9b182deb93) Importer(815301076,1909f56bfc062723c751e8b465ee728b)  -> (artifact id: '694125969998cd81f7666f13f30c5606') in 0.020749 seconds 
========================================================================
Received Import Request.
  Time since last request: 21.772634 seconds.
  path: Assets/Prefabs/Powerup.prefab
  artifactKey: Guid(8ceedb96099aa1f4b9a66d9b182deb93) Importer(815301076,1909f56bfc062723c751e8b465ee728b)
Start importing Assets/Prefabs/Powerup.prefab using Guid(8ceedb96099aa1f4b9a66d9b182deb93) Importer(815301076,1909f56bfc062723c751e8b465ee728b)  -> (artifact id: '698314efb4d79753d79226760ebab6f5') in 0.018777 seconds 
========================================================================
Received Import Request.
  Time since last request: 20.428653 seconds.
  path: Assets/Prefabs/Powerup.prefab
  artifactKey: Guid(8ceedb96099aa1f4b9a66d9b182deb93) Importer(815301076,1909f56bfc062723c751e8b465ee728b)
Start importing Assets/Prefabs/Powerup.prefab using Guid(8ceedb96099aa1f4b9a66d9b182deb93) Importer(815301076,1909f56bfc062723c751e8b465ee728b)  -> (artifact id: 'ad99ba042d5c45cd9258b3ddbe985670') in 0.017723 seconds 
========================================================================
Received Prepare
Registering precompiled user dll's ...
Registered in 0.003688 seconds.
Begin MonoManager ReloadAssembly
Symbol file LoadedFromMemory doesn't match image C:\Users\Migoi\Desktop\Hieu\Unity-game\Library\PackageCache\com.unity.visualscripting@1.8.0\Editor\VisualScripting.Core\Dependencies\YamlDotNet\Unity.VisualScripting.YamlDotNet.dll
Symbol file LoadedFromMemory doesn't match image C:\Users\Migoi\Desktop\Hieu\Unity-game\Library\PackageCache\com.unity.visualscripting@1.8.0\Editor\VisualScripting.Core\Dependencies\DotNetZip\Unity.VisualScripting.IonicZip.dll
Native extension for WindowsStandalone target not found
Native extension for Android target not found
Native extension for WebGL target not found
Refreshing native plugins compatible for Editor in 0.52 ms, found 3 plugins.
Preloading 0 native plugins for Editor in 0.00 ms.
Mono: successfully reloaded assembly
- Completed reload, in  1.017 seconds
Domain Reload Profiling:
	ReloadAssembly (1017ms)
		BeginReloadAssembly (149ms)
			ExecutionOrderSort (0ms)
			DisableScriptedObjects (5ms)
			BackupInstance (0ms)
			ReleaseScriptingObjects (0ms)
			CreateAndSetChildDomain (47ms)
		EndReloadAssembly (778ms)
			LoadAssemblies (92ms)
			RebuildTransferFunctionScriptingTraits (0ms)
			SetupTypeCache (266ms)
			ReleaseScriptCaches (1ms)
			RebuildScriptCaches (41ms)
			SetupLoadedEditorAssemblies (338ms)
				LogAssemblyErrors (0ms)
				InitializePlatformSupportModulesInManaged (20ms)
				SetLoadedEditorAssemblies (0ms)
				RefreshPlugins (1ms)
				BeforeProcessingInitializeOnLoad (72ms)
				ProcessInitializeOnLoadAttributes (213ms)
				ProcessInitializeOnLoadMethodAttributes (24ms)
				AfterProcessingInitializeOnLoad (7ms)
				EditorAssembliesLoaded (0ms)
			ExecutionOrderSort2 (0ms)
			AwakeInstancesAfterBackupRestoration (6ms)
Platform modules already initialized, skipping
Refreshing native plugins compatible for Editor in 2.05 ms, found 3 plugins.
Preloading 0 native plugins for Editor in 0.00 ms.
Unloading 3058 Unused Serialized files (Serialized files now loaded: 0)
Unloading 18 unused Assets / (80.3 KB). Loaded Objects now: 3587.
Memory consumption went from 113.9 MB to 113.8 MB.
Total: 2.628700 ms (FindLiveObjects: 0.258900 ms CreateObjectMapping: 0.127600 ms MarkObjects: 2.151800 ms  DeleteObjects: 0.089500 ms)

AssetImportParameters requested are different than current active one (requested -> active):
  custom:video-decoder-ogg-theora: a1e56fd34408186e4bbccfd4996cb3dc -> 
  custom:container-muxer-webm: aa71ff27fc2769a1b78a27578f13a17b -> 
  custom:container-demuxer-webm: 4f35f7cbe854078d1ac9338744f61a02 -> 
  custom:video-encoder-webm-vp8: eb34c28f22e8b96e1ab97ce403110664 -> 
  custom:audio-encoder-webm-vorbis: bf7c407c2cedff20999df2af8eb42d56 -> 
  custom:framework-win-MediaFoundation: 216162199b28c13a410421893ffa2e32 -> 
  custom:container-demuxer-ogg: 62fdf1f143b41e24485cea50d1cbac27 -> 
  custom:video-decoder-webm-vp8: 9c59270c3fd7afecdb556c50c9e8de78 -> 
  custom:audio-decoder-ogg-vorbis: bf7c407c2cedff20999df2af8eb42d56 -> 
========================================================================
Received Import Request.
  Time since last request: 40.518173 seconds.
  path: Assets/Prefabs/Powerup.prefab
  artifactKey: Guid(8ceedb96099aa1f4b9a66d9b182deb93) Importer(815301076,1909f56bfc062723c751e8b465ee728b)
Start importing Assets/Prefabs/Powerup.prefab using Guid(8ceedb96099aa1f4b9a66d9b182deb93) Importer(815301076,1909f56bfc062723c751e8b465ee728b)  -> (artifact id: '43014ebf818ee50700aa2cd837eebbe5') in 0.081298 seconds 
========================================================================
Received Import Request.
  Time since last request: 9.542273 seconds.
  path: Assets/Prefabs/Powerup.prefab
  artifactKey: Guid(8ceedb96099aa1f4b9a66d9b182deb93) Importer(815301076,1909f56bfc062723c751e8b465ee728b)
Start importing Assets/Prefabs/Powerup.prefab using Guid(8ceedb96099aa1f4b9a66d9b182deb93) Importer(815301076,1909f56bfc062723c751e8b465ee728b)  -> (artifact id: '154bfc90a44af3e65238920febf90fb5') in 0.015069 seconds 
========================================================================
Received Import Request.
  Time since last request: 28.269422 seconds.
  path: Assets/Prefabs/Powerup.prefab
  artifactKey: Guid(8ceedb96099aa1f4b9a66d9b182deb93) Importer(815301076,1909f56bfc062723c751e8b465ee728b)
Start importing Assets/Prefabs/Powerup.prefab using Guid(8ceedb96099aa1f4b9a66d9b182deb93) Importer(815301076,1909f56bfc062723c751e8b465ee728b)  -> (artifact id: '118967f64d7c3fdf6e4f91c6a7cc1dfb') in 0.014890 seconds 
========================================================================
Received Prepare
Registering precompiled user dll's ...
Registered in 0.003535 seconds.
Begin MonoManager ReloadAssembly
Symbol file LoadedFromMemory doesn't match image C:\Users\Migoi\Desktop\Hieu\Unity-game\Library\PackageCache\com.unity.visualscripting@1.8.0\Editor\VisualScripting.Core\Dependencies\YamlDotNet\Unity.VisualScripting.YamlDotNet.dll
Symbol file LoadedFromMemory doesn't match image C:\Users\Migoi\Desktop\Hieu\Unity-game\Library\PackageCache\com.unity.visualscripting@1.8.0\Editor\VisualScripting.Core\Dependencies\DotNetZip\Unity.VisualScripting.IonicZip.dll
Native extension for WindowsStandalone target not found
Native extension for Android target not found
Native extension for WebGL target not found
Refreshing native plugins compatible for Editor in 0.61 ms, found 3 plugins.
Preloading 0 native plugins for Editor in 0.00 ms.
Mono: successfully reloaded assembly
- Completed reload, in  0.983 seconds
Domain Reload Profiling:
	ReloadAssembly (984ms)
		BeginReloadAssembly (136ms)
			ExecutionOrderSort (0ms)
			DisableScriptedObjects (5ms)
			BackupInstance (0ms)
			ReleaseScriptingObjects (0ms)
			CreateAndSetChildDomain (34ms)
		EndReloadAssembly (759ms)
			LoadAssemblies (88ms)
			RebuildTransferFunctionScriptingTraits (0ms)
			SetupTypeCache (278ms)
			ReleaseScriptCaches (1ms)
			RebuildScriptCaches (48ms)
			SetupLoadedEditorAssemblies (308ms)
				LogAssemblyErrors (0ms)
				InitializePlatformSupportModulesInManaged (25ms)
				SetLoadedEditorAssemblies (0ms)
				RefreshPlugins (1ms)
				BeforeProcessingInitializeOnLoad (66ms)
				ProcessInitializeOnLoadAttributes (192ms)
				ProcessInitializeOnLoadMethodAttributes (18ms)
				AfterProcessingInitializeOnLoad (7ms)
				EditorAssembliesLoaded (0ms)
			ExecutionOrderSort2 (0ms)
			AwakeInstancesAfterBackupRestoration (5ms)
Platform modules already initialized, skipping
Refreshing native plugins compatible for Editor in 1.73 ms, found 3 plugins.
Preloading 0 native plugins for Editor in 0.00 ms.
Unloading 3058 Unused Serialized files (Serialized files now loaded: 0)
Unloading 17 unused Assets / (80.2 KB). Loaded Objects now: 3590.
Memory consumption went from 113.9 MB to 113.8 MB.
Total: 3.209200 ms (FindLiveObjects: 0.281300 ms CreateObjectMapping: 0.296400 ms MarkObjects: 2.488000 ms  DeleteObjects: 0.142400 ms)

AssetImportParameters requested are different than current active one (requested -> active):
  custom:video-decoder-ogg-theora: a1e56fd34408186e4bbccfd4996cb3dc -> 
  custom:container-muxer-webm: aa71ff27fc2769a1b78a27578f13a17b -> 
  custom:container-demuxer-webm: 4f35f7cbe854078d1ac9338744f61a02 -> 
  custom:video-encoder-webm-vp8: eb34c28f22e8b96e1ab97ce403110664 -> 
  custom:audio-encoder-webm-vorbis: bf7c407c2cedff20999df2af8eb42d56 -> 
  custom:framework-win-MediaFoundation: 216162199b28c13a410421893ffa2e32 -> 
  custom:container-demuxer-ogg: 62fdf1f143b41e24485cea50d1cbac27 -> 
  custom:video-decoder-webm-vp8: 9c59270c3fd7afecdb556c50c9e8de78 -> 
  custom:audio-decoder-ogg-vorbis: bf7c407c2cedff20999df2af8eb42d56 -> 
========================================================================
Received Import Request.
  Time since last request: 19.541361 seconds.
  path: Assets/Prefabs/Powerup.prefab
  artifactKey: Guid(8ceedb96099aa1f4b9a66d9b182deb93) Importer(815301076,1909f56bfc062723c751e8b465ee728b)
Start importing Assets/Prefabs/Powerup.prefab using Guid(8ceedb96099aa1f4b9a66d9b182deb93) Importer(815301076,1909f56bfc062723c751e8b465ee728b)  -> (artifact id: '50cabc940ece6e3562b5b03cf7d7d5b0') in 0.085604 seconds 
========================================================================
Received Import Request.
  Time since last request: 0.157985 seconds.
  path: Assets/Prefabs/Powerup.prefab
  artifactKey: Guid(8ceedb96099aa1f4b9a66d9b182deb93) Importer(815301076,1909f56bfc062723c751e8b465ee728b)
Start importing Assets/Prefabs/Powerup.prefab using Guid(8ceedb96099aa1f4b9a66d9b182deb93) Importer(815301076,1909f56bfc062723c751e8b465ee728b)  -> (artifact id: '0f0c875bf37d12751d31db76d54524f3') in 0.009061 seconds 
========================================================================
Received Import Request.
  Time since last request: 0.186854 seconds.
  path: Assets/Prefabs/Powerup.prefab
  artifactKey: Guid(8ceedb96099aa1f4b9a66d9b182deb93) Importer(815301076,1909f56bfc062723c751e8b465ee728b)
Start importing Assets/Prefabs/Powerup.prefab using Guid(8ceedb96099aa1f4b9a66d9b182deb93) Importer(815301076,1909f56bfc062723c751e8b465ee728b)  -> (artifact id: '3a022e3fa7bcf9e6de7670c09819a674') in 0.008470 seconds 
========================================================================
Received Import Request.
  Time since last request: 0.191127 seconds.
  path: Assets/Prefabs/Powerup.prefab
  artifactKey: Guid(8ceedb96099aa1f4b9a66d9b182deb93) Importer(815301076,1909f56bfc062723c751e8b465ee728b)
Start importing Assets/Prefabs/Powerup.prefab using Guid(8ceedb96099aa1f4b9a66d9b182deb93) Importer(815301076,1909f56bfc062723c751e8b465ee728b)  -> (artifact id: '5c8c0fcf3c8134ff2ee3953cbbf3d758') in 0.008502 seconds 
========================================================================
Received Import Request.
  Time since last request: 0.199133 seconds.
  path: Assets/Prefabs/Powerup.prefab
  artifactKey: Guid(8ceedb96099aa1f4b9a66d9b182deb93) Importer(815301076,1909f56bfc062723c751e8b465ee728b)
Start importing Assets/Prefabs/Powerup.prefab using Guid(8ceedb96099aa1f4b9a66d9b182deb93) Importer(815301076,1909f56bfc062723c751e8b465ee728b)  -> (artifact id: 'de60a49e37bcf42102e026de85cc5b69') in 0.008604 seconds 
========================================================================
Received Import Request.
  Time since last request: 0.174191 seconds.
  path: Assets/Prefabs/Powerup.prefab
  artifactKey: Guid(8ceedb96099aa1f4b9a66d9b182deb93) Importer(815301076,1909f56bfc062723c751e8b465ee728b)
Start importing Assets/Prefabs/Powerup.prefab using Guid(8ceedb96099aa1f4b9a66d9b182deb93) Importer(815301076,1909f56bfc062723c751e8b465ee728b)  -> (artifact id: '485224a74d98219de1c803928c7b85d3') in 0.009195 seconds 
========================================================================
Received Import Request.
  Time since last request: 0.189140 seconds.
  path: Assets/Prefabs/Powerup.prefab
  artifactKey: Guid(8ceedb96099aa1f4b9a66d9b182deb93) Importer(815301076,1909f56bfc062723c751e8b465ee728b)
Start importing Assets/Prefabs/Powerup.prefab using Guid(8ceedb96099aa1f4b9a66d9b182deb93) Importer(815301076,1909f56bfc062723c751e8b465ee728b)  -> (artifact id: '94e86aed3c63bebc2c866b51095f7bca') in 0.008665 seconds 
========================================================================
Received Import Request.
  Time since last request: 0.198193 seconds.
  path: Assets/Prefabs/Powerup.prefab
  artifactKey: Guid(8ceedb96099aa1f4b9a66d9b182deb93) Importer(815301076,1909f56bfc062723c751e8b465ee728b)
Start importing Assets/Prefabs/Powerup.prefab using Guid(8ceedb96099aa1f4b9a66d9b182deb93) Importer(815301076,1909f56bfc062723c751e8b465ee728b)  -> (artifact id: 'f0772c0ebb15b61dee50809e6fce0fde') in 0.008760 seconds 
========================================================================
Received Import Request.
  Time since last request: 0.181218 seconds.
  path: Assets/Prefabs/Powerup.prefab
  artifactKey: Guid(8ceedb96099aa1f4b9a66d9b182deb93) Importer(815301076,1909f56bfc062723c751e8b465ee728b)
Start importing Assets/Prefabs/Powerup.prefab using Guid(8ceedb96099aa1f4b9a66d9b182deb93) Importer(815301076,1909f56bfc062723c751e8b465ee728b)  -> (artifact id: 'f839c0b80f6e69d7894a794df2a83084') in 0.008560 seconds 
========================================================================
Received Import Request.
  Time since last request: 0.190288 seconds.
  path: Assets/Prefabs/Powerup.prefab
  artifactKey: Guid(8ceedb96099aa1f4b9a66d9b182deb93) Importer(815301076,1909f56bfc062723c751e8b465ee728b)
Start importing Assets/Prefabs/Powerup.prefab using Guid(8ceedb96099aa1f4b9a66d9b182deb93) Importer(815301076,1909f56bfc062723c751e8b465ee728b)  -> (artifact id: '277beca0d217645a291fbdaf85940ee1') in 0.008517 seconds 
========================================================================
Received Import Request.
  Time since last request: 0.190690 seconds.
  path: Assets/Prefabs/Powerup.prefab
  artifactKey: Guid(8ceedb96099aa1f4b9a66d9b182deb93) Importer(815301076,1909f56bfc062723c751e8b465ee728b)
Start importing Assets/Prefabs/Powerup.prefab using Guid(8ceedb96099aa1f4b9a66d9b182deb93) Importer(815301076,1909f56bfc062723c751e8b465ee728b)  -> (artifact id: '761d9a98e81cb3e3c6ffaf497669f5ce') in 0.009084 seconds 
========================================================================
Received Import Request.
  Time since last request: 0.191343 seconds.
  path: Assets/Prefabs/Powerup.prefab
  artifactKey: Guid(8ceedb96099aa1f4b9a66d9b182deb93) Importer(815301076,1909f56bfc062723c751e8b465ee728b)
Start importing Assets/Prefabs/Powerup.prefab using Guid(8ceedb96099aa1f4b9a66d9b182deb93) Importer(815301076,1909f56bfc062723c751e8b465ee728b)  -> (artifact id: '5aab050a5d92bc08338d54ef7b49cc95') in 0.009117 seconds 
========================================================================
Received Import Request.
  Time since last request: 0.189898 seconds.
  path: Assets/Prefabs/Powerup.prefab
  artifactKey: Guid(8ceedb96099aa1f4b9a66d9b182deb93) Importer(815301076,1909f56bfc062723c751e8b465ee728b)
Start importing Assets/Prefabs/Powerup.prefab using Guid(8ceedb96099aa1f4b9a66d9b182deb93) Importer(815301076,1909f56bfc062723c751e8b465ee728b)  -> (artifact id: 'd83eb3e33435bbfa6add9b7b6f45240a') in 0.010379 seconds 
========================================================================
Received Import Request.
  Time since last request: 0.200512 seconds.
  path: Assets/Prefabs/Powerup.prefab
  artifactKey: Guid(8ceedb96099aa1f4b9a66d9b182deb93) Importer(815301076,1909f56bfc062723c751e8b465ee728b)
Start importing Assets/Prefabs/Powerup.prefab using Guid(8ceedb96099aa1f4b9a66d9b182deb93) Importer(815301076,1909f56bfc062723c751e8b465ee728b)  -> (artifact id: '5d689873249f2f75b84671df5ebbec7a') in 0.011638 seconds 
========================================================================
Received Import Request.
  Time since last request: 0.175934 seconds.
  path: Assets/Prefabs/Powerup.prefab
  artifactKey: Guid(8ceedb96099aa1f4b9a66d9b182deb93) Importer(815301076,1909f56bfc062723c751e8b465ee728b)
Start importing Assets/Prefabs/Powerup.prefab using Guid(8ceedb96099aa1f4b9a66d9b182deb93) Importer(815301076,1909f56bfc062723c751e8b465ee728b)  -> (artifact id: '259394d4faff89b38cd72e65a80226ff') in 0.009342 seconds 
========================================================================
Received Import Request.
  Time since last request: 0.188940 seconds.
  path: Assets/Prefabs/Powerup.prefab
  artifactKey: Guid(8ceedb96099aa1f4b9a66d9b182deb93) Importer(815301076,1909f56bfc062723c751e8b465ee728b)
Start importing Assets/Prefabs/Powerup.prefab using Guid(8ceedb96099aa1f4b9a66d9b182deb93) Importer(815301076,1909f56bfc062723c751e8b465ee728b)  -> (artifact id: 'ec3bace733a82dc6129ce2e155b3fd98') in 0.011371 seconds 
========================================================================
Received Import Request.
  Time since last request: 0.194675 seconds.
  path: Assets/Prefabs/Powerup.prefab
  artifactKey: Guid(8ceedb96099aa1f4b9a66d9b182deb93) Importer(815301076,1909f56bfc062723c751e8b465ee728b)
Start importing Assets/Prefabs/Powerup.prefab using Guid(8ceedb96099aa1f4b9a66d9b182deb93) Importer(815301076,1909f56bfc062723c751e8b465ee728b)  -> (artifact id: '055a67027a2153a0dfb1b17ed0d6ab4b') in 0.009901 seconds 
========================================================================
Received Import Request.
  Time since last request: 0.181608 seconds.
  path: Assets/Prefabs/Powerup.prefab
  artifactKey: Guid(8ceedb96099aa1f4b9a66d9b182deb93) Importer(815301076,1909f56bfc062723c751e8b465ee728b)
Start importing Assets/Prefabs/Powerup.prefab using Guid(8ceedb96099aa1f4b9a66d9b182deb93) Importer(815301076,1909f56bfc062723c751e8b465ee728b)  -> (artifact id: '30a275e4b083f206388a04c155c417bd') in 0.009653 seconds 
========================================================================
Received Import Request.
  Time since last request: 0.189122 seconds.
  path: Assets/Prefabs/Powerup.prefab
  artifactKey: Guid(8ceedb96099aa1f4b9a66d9b182deb93) Importer(815301076,1909f56bfc062723c751e8b465ee728b)
Start importing Assets/Prefabs/Powerup.prefab using Guid(8ceedb96099aa1f4b9a66d9b182deb93) Importer(815301076,1909f56bfc062723c751e8b465ee728b)  -> (artifact id: '936e4aa67be611effdc78bb66925ca82') in 0.008655 seconds 
========================================================================
Received Import Request.
  Time since last request: 0.190790 seconds.
  path: Assets/Prefabs/Powerup.prefab
  artifactKey: Guid(8ceedb96099aa1f4b9a66d9b182deb93) Importer(815301076,1909f56bfc062723c751e8b465ee728b)
Start importing Assets/Prefabs/Powerup.prefab using Guid(8ceedb96099aa1f4b9a66d9b182deb93) Importer(815301076,1909f56bfc062723c751e8b465ee728b)  -> (artifact id: 'd9df65475381159d9b77e182c81f7428') in 0.009251 seconds 
========================================================================
Received Import Request.
  Time since last request: 0.194045 seconds.
  path: Assets/Prefabs/Powerup.prefab
  artifactKey: Guid(8ceedb96099aa1f4b9a66d9b182deb93) Importer(815301076,1909f56bfc062723c751e8b465ee728b)
Start importing Assets/Prefabs/Powerup.prefab using Guid(8ceedb96099aa1f4b9a66d9b182deb93) Importer(815301076,1909f56bfc062723c751e8b465ee728b)  -> (artifact id: '05f771b7289b667b306d696a855c06a5') in 0.009815 seconds 
========================================================================
Received Import Request.
  Time since last request: 0.190687 seconds.
  path: Assets/Prefabs/Powerup.prefab
  artifactKey: Guid(8ceedb96099aa1f4b9a66d9b182deb93) Importer(815301076,1909f56bfc062723c751e8b465ee728b)
Start importing Assets/Prefabs/Powerup.prefab using Guid(8ceedb96099aa1f4b9a66d9b182deb93) Importer(815301076,1909f56bfc062723c751e8b465ee728b)  -> (artifact id: 'ef0f20090f7930b5521c281c32b35fdb') in 0.009598 seconds 
========================================================================
Received Import Request.
  Time since last request: 0.187412 seconds.
  path: Assets/Prefabs/Powerup.prefab
  artifactKey: Guid(8ceedb96099aa1f4b9a66d9b182deb93) Importer(815301076,1909f56bfc062723c751e8b465ee728b)
Start importing Assets/Prefabs/Powerup.prefab using Guid(8ceedb96099aa1f4b9a66d9b182deb93) Importer(815301076,1909f56bfc062723c751e8b465ee728b)  -> (artifact id: '4930ec1b644340360fe1eb62350a2165') in 0.009136 seconds 
========================================================================
Received Import Request.
  Time since last request: 0.190302 seconds.
  path: Assets/Prefabs/Powerup.prefab
  artifactKey: Guid(8ceedb96099aa1f4b9a66d9b182deb93) Importer(815301076,1909f56bfc062723c751e8b465ee728b)
Start importing Assets/Prefabs/Powerup.prefab using Guid(8ceedb96099aa1f4b9a66d9b182deb93) Importer(815301076,1909f56bfc062723c751e8b465ee728b)  -> (artifact id: '4ad2e3a05fab35f41380d1a2a16438e4') in 0.009029 seconds 
========================================================================
Received Import Request.
  Time since last request: 0.189642 seconds.
  path: Assets/Prefabs/Powerup.prefab
  artifactKey: Guid(8ceedb96099aa1f4b9a66d9b182deb93) Importer(815301076,1909f56bfc062723c751e8b465ee728b)
Start importing Assets/Prefabs/Powerup.prefab using Guid(8ceedb96099aa1f4b9a66d9b182deb93) Importer(815301076,1909f56bfc062723c751e8b465ee728b)  -> (artifact id: 'ecc58c7b146623831bbed720c0d8ef4a') in 0.009139 seconds 
========================================================================
Received Import Request.
  Time since last request: 0.185248 seconds.
  path: Assets/Prefabs/Powerup.prefab
  artifactKey: Guid(8ceedb96099aa1f4b9a66d9b182deb93) Importer(815301076,1909f56bfc062723c751e8b465ee728b)
Start importing Assets/Prefabs/Powerup.prefab using Guid(8ceedb96099aa1f4b9a66d9b182deb93) Importer(815301076,1909f56bfc062723c751e8b465ee728b)  -> (artifact id: '4dd551578a320c3824d451986099abeb') in 0.008581 seconds 
========================================================================
Received Import Request.
  Time since last request: 0.186978 seconds.
  path: Assets/Prefabs/Powerup.prefab
  artifactKey: Guid(8ceedb96099aa1f4b9a66d9b182deb93) Importer(815301076,1909f56bfc062723c751e8b465ee728b)
Start importing Assets/Prefabs/Powerup.prefab using Guid(8ceedb96099aa1f4b9a66d9b182deb93) Importer(815301076,1909f56bfc062723c751e8b465ee728b)  -> (artifact id: 'ec0c10243d1988c7bda5d235de7035bd') in 0.008809 seconds 
========================================================================
Received Import Request.
  Time since last request: 0.191906 seconds.
  path: Assets/Prefabs/Powerup.prefab
  artifactKey: Guid(8ceedb96099aa1f4b9a66d9b182deb93) Importer(815301076,1909f56bfc062723c751e8b465ee728b)
Start importing Assets/Prefabs/Powerup.prefab using Guid(8ceedb96099aa1f4b9a66d9b182deb93) Importer(815301076,1909f56bfc062723c751e8b465ee728b)  -> (artifact id: 'f158d10dff1cb5399635df1b57f4ab0b') in 0.009090 seconds 
========================================================================
Received Import Request.
  Time since last request: 0.188056 seconds.
  path: Assets/Prefabs/Powerup.prefab
  artifactKey: Guid(8ceedb96099aa1f4b9a66d9b182deb93) Importer(815301076,1909f56bfc062723c751e8b465ee728b)
Start importing Assets/Prefabs/Powerup.prefab using Guid(8ceedb96099aa1f4b9a66d9b182deb93) Importer(815301076,1909f56bfc062723c751e8b465ee728b)  -> (artifact id: 'faa0eb0ad99f92c1b8e72c6275cbdddd') in 0.008853 seconds 
========================================================================
Received Import Request.
  Time since last request: 0.197633 seconds.
  path: Assets/Prefabs/Powerup.prefab
  artifactKey: Guid(8ceedb96099aa1f4b9a66d9b182deb93) Importer(815301076,1909f56bfc062723c751e8b465ee728b)
Start importing Assets/Prefabs/Powerup.prefab using Guid(8ceedb96099aa1f4b9a66d9b182deb93) Importer(815301076,1909f56bfc062723c751e8b465ee728b)  -> (artifact id: '1ff32d2aefeb39a846a72ec1f3f788a8') in 0.008360 seconds 
========================================================================
Received Prepare
Registering precompiled user dll's ...
Registered in 0.003817 seconds.
Begin MonoManager ReloadAssembly
Symbol file LoadedFromMemory doesn't match image C:\Users\Migoi\Desktop\Hieu\Unity-game\Library\PackageCache\com.unity.visualscripting@1.8.0\Editor\VisualScripting.Core\Dependencies\YamlDotNet\Unity.VisualScripting.YamlDotNet.dll
Symbol file LoadedFromMemory doesn't match image C:\Users\Migoi\Desktop\Hieu\Unity-game\Library\PackageCache\com.unity.visualscripting@1.8.0\Editor\VisualScripting.Core\Dependencies\DotNetZip\Unity.VisualScripting.IonicZip.dll
Native extension for WindowsStandalone target not found
Native extension for Android target not found
Native extension for WebGL target not found
Refreshing native plugins compatible for Editor in 0.79 ms, found 3 plugins.
Preloading 0 native plugins for Editor in 0.00 ms.
Mono: successfully reloaded assembly
- Completed reload, in  1.022 seconds
Domain Reload Profiling:
	ReloadAssembly (1023ms)
		BeginReloadAssembly (140ms)
			ExecutionOrderSort (0ms)
			DisableScriptedObjects (5ms)
			BackupInstance (0ms)
			ReleaseScriptingObjects (0ms)
			CreateAndSetChildDomain (39ms)
		EndReloadAssembly (796ms)
			LoadAssemblies (88ms)
			RebuildTransferFunctionScriptingTraits (0ms)
			SetupTypeCache (256ms)
			ReleaseScriptCaches (2ms)
			RebuildScriptCaches (41ms)
			SetupLoadedEditorAssemblies (356ms)
				LogAssemblyErrors (0ms)
				InitializePlatformSupportModulesInManaged (25ms)
				SetLoadedEditorAssemblies (1ms)
				RefreshPlugins (1ms)
				BeforeProcessingInitializeOnLoad (80ms)
				ProcessInitializeOnLoadAttributes (218ms)
				ProcessInitializeOnLoadMethodAttributes (23ms)
				AfterProcessingInitializeOnLoad (7ms)
				EditorAssembliesLoaded (0ms)
			ExecutionOrderSort2 (0ms)
			AwakeInstancesAfterBackupRestoration (5ms)
Platform modules already initialized, skipping
Refreshing native plugins compatible for Editor in 1.57 ms, found 3 plugins.
Preloading 0 native plugins for Editor in 0.00 ms.
Unloading 3058 Unused Serialized files (Serialized files now loaded: 0)
Unloading 17 unused Assets / (80.2 KB). Loaded Objects now: 3593.
Memory consumption went from 113.9 MB to 113.9 MB.
Total: 2.887700 ms (FindLiveObjects: 0.247600 ms CreateObjectMapping: 0.138600 ms MarkObjects: 2.417200 ms  DeleteObjects: 0.083600 ms)

AssetImportParameters requested are different than current active one (requested -> active):
  custom:video-decoder-ogg-theora: a1e56fd34408186e4bbccfd4996cb3dc -> 
  custom:container-muxer-webm: aa71ff27fc2769a1b78a27578f13a17b -> 
  custom:container-demuxer-webm: 4f35f7cbe854078d1ac9338744f61a02 -> 
  custom:video-encoder-webm-vp8: eb34c28f22e8b96e1ab97ce403110664 -> 
  custom:audio-encoder-webm-vorbis: bf7c407c2cedff20999df2af8eb42d56 -> 
  custom:framework-win-MediaFoundation: 216162199b28c13a410421893ffa2e32 -> 
  custom:container-demuxer-ogg: 62fdf1f143b41e24485cea50d1cbac27 -> 
  custom:video-decoder-webm-vp8: 9c59270c3fd7afecdb556c50c9e8de78 -> 
  custom:audio-decoder-ogg-vorbis: bf7c407c2cedff20999df2af8eb42d56 -> 
========================================================================
Received Import Request.
  Time since last request: 77.495737 seconds.
  path: Assets/Prefabs/Powerup.prefab
  artifactKey: Guid(8ceedb96099aa1f4b9a66d9b182deb93) Importer(815301076,1909f56bfc062723c751e8b465ee728b)
Start importing Assets/Prefabs/Powerup.prefab using Guid(8ceedb96099aa1f4b9a66d9b182deb93) Importer(815301076,1909f56bfc062723c751e8b465ee728b)  -> (artifact id: '2a911ca8203fc3ffe3bf7177e760f993') in 0.072688 seconds 
========================================================================
Received Prepare
Registering precompiled user dll's ...
Registered in 0.003567 seconds.
Begin MonoManager ReloadAssembly
Symbol file LoadedFromMemory doesn't match image C:\Users\Migoi\Desktop\Hieu\Unity-game\Library\PackageCache\com.unity.visualscripting@1.8.0\Editor\VisualScripting.Core\Dependencies\YamlDotNet\Unity.VisualScripting.YamlDotNet.dll
Symbol file LoadedFromMemory doesn't match image C:\Users\Migoi\Desktop\Hieu\Unity-game\Library\PackageCache\com.unity.visualscripting@1.8.0\Editor\VisualScripting.Core\Dependencies\DotNetZip\Unity.VisualScripting.IonicZip.dll
Native extension for WindowsStandalone target not found
Native extension for Android target not found
Native extension for WebGL target not found
Refreshing native plugins compatible for Editor in 0.53 ms, found 3 plugins.
Preloading 0 native plugins for Editor in 0.00 ms.
Mono: successfully reloaded assembly
- Completed reload, in  1.029 seconds
Domain Reload Profiling:
	ReloadAssembly (1030ms)
		BeginReloadAssembly (143ms)
			ExecutionOrderSort (0ms)
			DisableScriptedObjects (5ms)
			BackupInstance (0ms)
			ReleaseScriptingObjects (0ms)
			CreateAndSetChildDomain (39ms)
		EndReloadAssembly (791ms)
			LoadAssemblies (96ms)
			RebuildTransferFunctionScriptingTraits (0ms)
			SetupTypeCache (261ms)
			ReleaseScriptCaches (1ms)
			RebuildScriptCaches (40ms)
			SetupLoadedEditorAssemblies (351ms)
				LogAssemblyErrors (0ms)
				InitializePlatformSupportModulesInManaged (22ms)
				SetLoadedEditorAssemblies (0ms)
				RefreshPlugins (1ms)
				BeforeProcessingInitializeOnLoad (93ms)
				ProcessInitializeOnLoadAttributes (206ms)
				ProcessInitializeOnLoadMethodAttributes (20ms)
				AfterProcessingInitializeOnLoad (9ms)
				EditorAssembliesLoaded (0ms)
			ExecutionOrderSort2 (0ms)
			AwakeInstancesAfterBackupRestoration (6ms)
Platform modules already initialized, skipping
Refreshing native plugins compatible for Editor in 1.94 ms, found 3 plugins.
Preloading 0 native plugins for Editor in 0.00 ms.
Unloading 3058 Unused Serialized files (Serialized files now loaded: 0)
Unloading 17 unused Assets / (80.2 KB). Loaded Objects now: 3596.
Memory consumption went from 114.0 MB to 113.9 MB.
Total: 2.800100 ms (FindLiveObjects: 0.283400 ms CreateObjectMapping: 0.234600 ms MarkObjects: 2.198400 ms  DeleteObjects: 0.082800 ms)

AssetImportParameters requested are different than current active one (requested -> active):
  custom:video-decoder-ogg-theora: a1e56fd34408186e4bbccfd4996cb3dc -> 
  custom:container-muxer-webm: aa71ff27fc2769a1b78a27578f13a17b -> 
  custom:container-demuxer-webm: 4f35f7cbe854078d1ac9338744f61a02 -> 
  custom:video-encoder-webm-vp8: eb34c28f22e8b96e1ab97ce403110664 -> 
  custom:audio-encoder-webm-vorbis: bf7c407c2cedff20999df2af8eb42d56 -> 
  custom:framework-win-MediaFoundation: 216162199b28c13a410421893ffa2e32 -> 
  custom:container-demuxer-ogg: 62fdf1f143b41e24485cea50d1cbac27 -> 
  custom:video-decoder-webm-vp8: 9c59270c3fd7afecdb556c50c9e8de78 -> 
  custom:audio-decoder-ogg-vorbis: bf7c407c2cedff20999df2af8eb42d56 -> 
========================================================================
Received Import Request.
  Time since last request: 4.264405 seconds.
  path: Assets/Prefabs/Powerup.prefab
  artifactKey: Guid(8ceedb96099aa1f4b9a66d9b182deb93) Importer(815301076,1909f56bfc062723c751e8b465ee728b)
Start importing Assets/Prefabs/Powerup.prefab using Guid(8ceedb96099aa1f4b9a66d9b182deb93) Importer(815301076,1909f56bfc062723c751e8b465ee728b)  -> (artifact id: '5b4abb8834cf24e2f1f014cfa8282557') in 0.080207 seconds 
========================================================================
Received Prepare
Registering precompiled user dll's ...
Registered in 0.003750 seconds.
Begin MonoManager ReloadAssembly
Symbol file LoadedFromMemory doesn't match image C:\Users\Migoi\Desktop\Hieu\Unity-game\Library\PackageCache\com.unity.visualscripting@1.8.0\Editor\VisualScripting.Core\Dependencies\YamlDotNet\Unity.VisualScripting.YamlDotNet.dll
Symbol file LoadedFromMemory doesn't match image C:\Users\Migoi\Desktop\Hieu\Unity-game\Library\PackageCache\com.unity.visualscripting@1.8.0\Editor\VisualScripting.Core\Dependencies\DotNetZip\Unity.VisualScripting.IonicZip.dll
Native extension for WindowsStandalone target not found
Native extension for Android target not found
Native extension for WebGL target not found
Refreshing native plugins compatible for Editor in 0.56 ms, found 3 plugins.
Preloading 0 native plugins for Editor in 0.00 ms.
Mono: successfully reloaded assembly
- Completed reload, in  1.043 seconds
Domain Reload Profiling:
	ReloadAssembly (1044ms)
		BeginReloadAssembly (165ms)
			ExecutionOrderSort (0ms)
			DisableScriptedObjects (6ms)
			BackupInstance (0ms)
			ReleaseScriptingObjects (0ms)
			CreateAndSetChildDomain (47ms)
		EndReloadAssembly (781ms)
			LoadAssemblies (96ms)
			RebuildTransferFunctionScriptingTraits (0ms)
			SetupTypeCache (275ms)
			ReleaseScriptCaches (1ms)
			RebuildScriptCaches (55ms)
			SetupLoadedEditorAssemblies (328ms)
				LogAssemblyErrors (0ms)
				InitializePlatformSupportModulesInManaged (21ms)
				SetLoadedEditorAssemblies (0ms)
				RefreshPlugins (1ms)
				BeforeProcessingInitializeOnLoad (74ms)
				ProcessInitializeOnLoadAttributes (208ms)
				ProcessInitializeOnLoadMethodAttributes (17ms)
				AfterProcessingInitializeOnLoad (7ms)
				EditorAssembliesLoaded (0ms)
			ExecutionOrderSort2 (0ms)
			AwakeInstancesAfterBackupRestoration (5ms)
Platform modules already initialized, skipping
Refreshing native plugins compatible for Editor in 1.43 ms, found 3 plugins.
Preloading 0 native plugins for Editor in 0.00 ms.
Unloading 3058 Unused Serialized files (Serialized files now loaded: 0)
Unloading 17 unused Assets / (80.3 KB). Loaded Objects now: 3599.
Memory consumption went from 114.0 MB to 113.9 MB.
Total: 2.461200 ms (FindLiveObjects: 0.230800 ms CreateObjectMapping: 0.134100 ms MarkObjects: 2.020000 ms  DeleteObjects: 0.075600 ms)

AssetImportParameters requested are different than current active one (requested -> active):
  custom:video-decoder-ogg-theora: a1e56fd34408186e4bbccfd4996cb3dc -> 
  custom:container-muxer-webm: aa71ff27fc2769a1b78a27578f13a17b -> 
  custom:container-demuxer-webm: 4f35f7cbe854078d1ac9338744f61a02 -> 
  custom:video-encoder-webm-vp8: eb34c28f22e8b96e1ab97ce403110664 -> 
  custom:audio-encoder-webm-vorbis: bf7c407c2cedff20999df2af8eb42d56 -> 
  custom:framework-win-MediaFoundation: 216162199b28c13a410421893ffa2e32 -> 
  custom:container-demuxer-ogg: 62fdf1f143b41e24485cea50d1cbac27 -> 
  custom:video-decoder-webm-vp8: 9c59270c3fd7afecdb556c50c9e8de78 -> 
  custom:audio-decoder-ogg-vorbis: bf7c407c2cedff20999df2af8eb42d56 -> 
========================================================================
Received Prepare
Registering precompiled user dll's ...
Registered in 0.004017 seconds.
Begin MonoManager ReloadAssembly
Symbol file LoadedFromMemory doesn't match image C:\Users\Migoi\Desktop\Hieu\Unity-game\Library\PackageCache\com.unity.visualscripting@1.8.0\Editor\VisualScripting.Core\Dependencies\YamlDotNet\Unity.VisualScripting.YamlDotNet.dll
Symbol file LoadedFromMemory doesn't match image C:\Users\Migoi\Desktop\Hieu\Unity-game\Library\PackageCache\com.unity.visualscripting@1.8.0\Editor\VisualScripting.Core\Dependencies\DotNetZip\Unity.VisualScripting.IonicZip.dll
Native extension for WindowsStandalone target not found
Native extension for Android target not found
Native extension for WebGL target not found
Refreshing native plugins compatible for Editor in 1.07 ms, found 3 plugins.
Preloading 0 native plugins for Editor in 0.00 ms.
Mono: successfully reloaded assembly
- Completed reload, in  1.029 seconds
Domain Reload Profiling:
	ReloadAssembly (1030ms)
		BeginReloadAssembly (149ms)
			ExecutionOrderSort (0ms)
			DisableScriptedObjects (6ms)
			BackupInstance (0ms)
			ReleaseScriptingObjects (0ms)
			CreateAndSetChildDomain (38ms)
		EndReloadAssembly (792ms)
			LoadAssemblies (98ms)
			RebuildTransferFunctionScriptingTraits (0ms)
			SetupTypeCache (264ms)
			ReleaseScriptCaches (1ms)
			RebuildScriptCaches (49ms)
			SetupLoadedEditorAssemblies (352ms)
				LogAssemblyErrors (0ms)
				InitializePlatformSupportModulesInManaged (24ms)
				SetLoadedEditorAssemblies (1ms)
				RefreshPlugins (1ms)
				BeforeProcessingInitializeOnLoad (75ms)
				ProcessInitializeOnLoadAttributes (222ms)
				ProcessInitializeOnLoadMethodAttributes (22ms)
				AfterProcessingInitializeOnLoad (7ms)
				EditorAssembliesLoaded (0ms)
			ExecutionOrderSort2 (0ms)
			AwakeInstancesAfterBackupRestoration (6ms)
Platform modules already initialized, skipping
Refreshing native plugins compatible for Editor in 1.50 ms, found 3 plugins.
Preloading 0 native plugins for Editor in 0.00 ms.
Unloading 3058 Unused Serialized files (Serialized files now loaded: 0)
Unloading 17 unused Assets / (80.2 KB). Loaded Objects now: 3602.
Memory consumption went from 114.0 MB to 113.9 MB.
Total: 2.706200 ms (FindLiveObjects: 0.309200 ms CreateObjectMapping: 0.208600 ms MarkObjects: 2.102800 ms  DeleteObjects: 0.085100 ms)

AssetImportParameters requested are different than current active one (requested -> active):
  custom:video-decoder-ogg-theora: a1e56fd34408186e4bbccfd4996cb3dc -> 
  custom:container-muxer-webm: aa71ff27fc2769a1b78a27578f13a17b -> 
  custom:container-demuxer-webm: 4f35f7cbe854078d1ac9338744f61a02 -> 
  custom:video-encoder-webm-vp8: eb34c28f22e8b96e1ab97ce403110664 -> 
  custom:audio-encoder-webm-vorbis: bf7c407c2cedff20999df2af8eb42d56 -> 
  custom:framework-win-MediaFoundation: 216162199b28c13a410421893ffa2e32 -> 
  custom:container-demuxer-ogg: 62fdf1f143b41e24485cea50d1cbac27 -> 
  custom:video-decoder-webm-vp8: 9c59270c3fd7afecdb556c50c9e8de78 -> 
  custom:audio-decoder-ogg-vorbis: bf7c407c2cedff20999df2af8eb42d56 -> 
========================================================================
Received Import Request.
  Time since last request: 1623.836964 seconds.
  path: Assets/Prefabs/Powerup.prefab
  artifactKey: Guid(8ceedb96099aa1f4b9a66d9b182deb93) Importer(815301076,1909f56bfc062723c751e8b465ee728b)
Start importing Assets/Prefabs/Powerup.prefab using Guid(8ceedb96099aa1f4b9a66d9b182deb93) Importer(815301076,1909f56bfc062723c751e8b465ee728b)  -> (artifact id: '2cb17ad3b945d404800235880cb1a922') in 0.103941 seconds 
========================================================================
Received Import Request.
  Time since last request: 1.465076 seconds.
  path: Assets/Prefabs/Powerup.prefab
  artifactKey: Guid(8ceedb96099aa1f4b9a66d9b182deb93) Importer(815301076,1909f56bfc062723c751e8b465ee728b)
Start importing Assets/Prefabs/Powerup.prefab using Guid(8ceedb96099aa1f4b9a66d9b182deb93) Importer(815301076,1909f56bfc062723c751e8b465ee728b)  -> (artifact id: '5a23653cacee000bad54e61c35326de0') in 0.012202 seconds 
========================================================================
Received Prepare
Registering precompiled user dll's ...
Registered in 0.003536 seconds.
Begin MonoManager ReloadAssembly
Symbol file LoadedFromMemory doesn't match image C:\Users\Migoi\Desktop\Hieu\Unity-game\Library\PackageCache\com.unity.visualscripting@1.8.0\Editor\VisualScripting.Core\Dependencies\YamlDotNet\Unity.VisualScripting.YamlDotNet.dll
Symbol file LoadedFromMemory doesn't match image C:\Users\Migoi\Desktop\Hieu\Unity-game\Library\PackageCache\com.unity.visualscripting@1.8.0\Editor\VisualScripting.Core\Dependencies\DotNetZip\Unity.VisualScripting.IonicZip.dll
Native extension for WindowsStandalone target not found
Native extension for Android target not found
Native extension for WebGL target not found
Refreshing native plugins compatible for Editor in 0.53 ms, found 3 plugins.
Preloading 0 native plugins for Editor in 0.00 ms.
Mono: successfully reloaded assembly
- Completed reload, in  1.040 seconds
Domain Reload Profiling:
	ReloadAssembly (1041ms)
		BeginReloadAssembly (150ms)
			ExecutionOrderSort (0ms)
			DisableScriptedObjects (5ms)
			BackupInstance (0ms)
			ReleaseScriptingObjects (0ms)
			CreateAndSetChildDomain (38ms)
		EndReloadAssembly (801ms)
			LoadAssemblies (102ms)
			RebuildTransferFunctionScriptingTraits (0ms)
			SetupTypeCache (297ms)
			ReleaseScriptCaches (1ms)
			RebuildScriptCaches (44ms)
			SetupLoadedEditorAssemblies (327ms)
				LogAssemblyErrors (0ms)
				InitializePlatformSupportModulesInManaged (20ms)
				SetLoadedEditorAssemblies (0ms)
				RefreshPlugins (1ms)
				BeforeProcessingInitializeOnLoad (68ms)
				ProcessInitializeOnLoadAttributes (209ms)
				ProcessInitializeOnLoadMethodAttributes (22ms)
				AfterProcessingInitializeOnLoad (7ms)
				EditorAssembliesLoaded (0ms)
			ExecutionOrderSort2 (0ms)
			AwakeInstancesAfterBackupRestoration (5ms)
Platform modules already initialized, skipping
Refreshing native plugins compatible for Editor in 1.81 ms, found 3 plugins.
Preloading 0 native plugins for Editor in 0.00 ms.
Unloading 3058 Unused Serialized files (Serialized files now loaded: 0)
Unloading 17 unused Assets / (80.2 KB). Loaded Objects now: 3605.
Memory consumption went from 114.0 MB to 113.9 MB.
Total: 3.623800 ms (FindLiveObjects: 0.515400 ms CreateObjectMapping: 0.339700 ms MarkObjects: 2.643800 ms  DeleteObjects: 0.123200 ms)

AssetImportParameters requested are different than current active one (requested -> active):
  custom:video-decoder-ogg-theora: a1e56fd34408186e4bbccfd4996cb3dc -> 
  custom:container-muxer-webm: aa71ff27fc2769a1b78a27578f13a17b -> 
  custom:container-demuxer-webm: 4f35f7cbe854078d1ac9338744f61a02 -> 
  custom:video-encoder-webm-vp8: eb34c28f22e8b96e1ab97ce403110664 -> 
  custom:audio-encoder-webm-vorbis: bf7c407c2cedff20999df2af8eb42d56 -> 
  custom:framework-win-MediaFoundation: 216162199b28c13a410421893ffa2e32 -> 
  custom:container-demuxer-ogg: 62fdf1f143b41e24485cea50d1cbac27 -> 
  custom:video-decoder-webm-vp8: 9c59270c3fd7afecdb556c50c9e8de78 -> 
  custom:audio-decoder-ogg-vorbis: bf7c407c2cedff20999df2af8eb42d56 -> 
========================================================================
Received Import Request.
  Time since last request: 8.145479 seconds.
  path: Assets/Prefabs/Powerup.prefab
  artifactKey: Guid(8ceedb96099aa1f4b9a66d9b182deb93) Importer(815301076,1909f56bfc062723c751e8b465ee728b)
Start importing Assets/Prefabs/Powerup.prefab using Guid(8ceedb96099aa1f4b9a66d9b182deb93) Importer(815301076,1909f56bfc062723c751e8b465ee728b)  -> (artifact id: '219ed2eb00efaab194972580a3d4846a') in 0.082265 seconds 
========================================================================
Received Import Request.
  Time since last request: 0.115179 seconds.
  path: Assets/Prefabs/Powerup.prefab
  artifactKey: Guid(8ceedb96099aa1f4b9a66d9b182deb93) Importer(815301076,1909f56bfc062723c751e8b465ee728b)
Start importing Assets/Prefabs/Powerup.prefab using Guid(8ceedb96099aa1f4b9a66d9b182deb93) Importer(815301076,1909f56bfc062723c751e8b465ee728b)  -> (artifact id: 'f2180384a2619d215afcf9d974238b02') in 0.010487 seconds 
========================================================================
Received Import Request.
  Time since last request: 0.182180 seconds.
  path: Assets/Prefabs/Powerup.prefab
  artifactKey: Guid(8ceedb96099aa1f4b9a66d9b182deb93) Importer(815301076,1909f56bfc062723c751e8b465ee728b)
Start importing Assets/Prefabs/Powerup.prefab using Guid(8ceedb96099aa1f4b9a66d9b182deb93) Importer(815301076,1909f56bfc062723c751e8b465ee728b)  -> (artifact id: '0f678ee869fb33de629bd8745927f8cb') in 0.009307 seconds 
========================================================================
Received Import Request.
  Time since last request: 0.187416 seconds.
  path: Assets/Prefabs/Powerup.prefab
  artifactKey: Guid(8ceedb96099aa1f4b9a66d9b182deb93) Importer(815301076,1909f56bfc062723c751e8b465ee728b)
Start importing Assets/Prefabs/Powerup.prefab using Guid(8ceedb96099aa1f4b9a66d9b182deb93) Importer(815301076,1909f56bfc062723c751e8b465ee728b)  -> (artifact id: '5679da9202051f1038505db267d586ef') in 0.008648 seconds 
========================================================================
Received Import Request.
  Time since last request: 0.190243 seconds.
  path: Assets/Prefabs/Powerup.prefab
  artifactKey: Guid(8ceedb96099aa1f4b9a66d9b182deb93) Importer(815301076,1909f56bfc062723c751e8b465ee728b)
Start importing Assets/Prefabs/Powerup.prefab using Guid(8ceedb96099aa1f4b9a66d9b182deb93) Importer(815301076,1909f56bfc062723c751e8b465ee728b)  -> (artifact id: '35a155c132f8c1897d2cec1ca8266204') in 0.009250 seconds 
========================================================================
Received Import Request.
  Time since last request: 0.187001 seconds.
  path: Assets/Prefabs/Powerup.prefab
  artifactKey: Guid(8ceedb96099aa1f4b9a66d9b182deb93) Importer(815301076,1909f56bfc062723c751e8b465ee728b)
Start importing Assets/Prefabs/Powerup.prefab using Guid(8ceedb96099aa1f4b9a66d9b182deb93) Importer(815301076,1909f56bfc062723c751e8b465ee728b)  -> (artifact id: '5948cd2ac246bc49d875919575ef4024') in 0.008688 seconds 
========================================================================
Received Import Request.
  Time since last request: 0.191285 seconds.
  path: Assets/Prefabs/Powerup.prefab
  artifactKey: Guid(8ceedb96099aa1f4b9a66d9b182deb93) Importer(815301076,1909f56bfc062723c751e8b465ee728b)
Start importing Assets/Prefabs/Powerup.prefab using Guid(8ceedb96099aa1f4b9a66d9b182deb93) Importer(815301076,1909f56bfc062723c751e8b465ee728b)  -> (artifact id: 'bdddc87b79be4fad14337cf0e0e22e46') in 0.009406 seconds 
========================================================================
Received Import Request.
  Time since last request: 0.191766 seconds.
  path: Assets/Prefabs/Powerup.prefab
  artifactKey: Guid(8ceedb96099aa1f4b9a66d9b182deb93) Importer(815301076,1909f56bfc062723c751e8b465ee728b)
Start importing Assets/Prefabs/Powerup.prefab using Guid(8ceedb96099aa1f4b9a66d9b182deb93) Importer(815301076,1909f56bfc062723c751e8b465ee728b)  -> (artifact id: 'fde4e2f571f6219bb77204f5eab561d5') in 0.008757 seconds 
========================================================================
Received Import Request.
  Time since last request: 0.190218 seconds.
  path: Assets/Prefabs/Powerup.prefab
  artifactKey: Guid(8ceedb96099aa1f4b9a66d9b182deb93) Importer(815301076,1909f56bfc062723c751e8b465ee728b)
Start importing Assets/Prefabs/Powerup.prefab using Guid(8ceedb96099aa1f4b9a66d9b182deb93) Importer(815301076,1909f56bfc062723c751e8b465ee728b)  -> (artifact id: '804fd3ddeaae5bf3db4e4c78e553c4f7') in 0.009222 seconds 
========================================================================
Received Import Request.
  Time since last request: 0.190185 seconds.
  path: Assets/Prefabs/Powerup.prefab
  artifactKey: Guid(8ceedb96099aa1f4b9a66d9b182deb93) Importer(815301076,1909f56bfc062723c751e8b465ee728b)
Start importing Assets/Prefabs/Powerup.prefab using Guid(8ceedb96099aa1f4b9a66d9b182deb93) Importer(815301076,1909f56bfc062723c751e8b465ee728b)  -> (artifact id: 'e0fc369597b012d84f414ec8bb34a429') in 0.010310 seconds 
========================================================================
Received Import Request.
  Time since last request: 0.190221 seconds.
  path: Assets/Prefabs/Powerup.prefab
  artifactKey: Guid(8ceedb96099aa1f4b9a66d9b182deb93) Importer(815301076,1909f56bfc062723c751e8b465ee728b)
Start importing Assets/Prefabs/Powerup.prefab using Guid(8ceedb96099aa1f4b9a66d9b182deb93) Importer(815301076,1909f56bfc062723c751e8b465ee728b)  -> (artifact id: 'd7d42a0c5e66d8e5c0b179fff4c3260c') in 0.009156 seconds 
========================================================================
Received Import Request.
  Time since last request: 0.188737 seconds.
  path: Assets/Prefabs/Powerup.prefab
  artifactKey: Guid(8ceedb96099aa1f4b9a66d9b182deb93) Importer(815301076,1909f56bfc062723c751e8b465ee728b)
Start importing Assets/Prefabs/Powerup.prefab using Guid(8ceedb96099aa1f4b9a66d9b182deb93) Importer(815301076,1909f56bfc062723c751e8b465ee728b)  -> (artifact id: '4b5b6a44845db77ba045cb8fa40a2495') in 0.013033 seconds 
========================================================================
Received Import Request.
  Time since last request: 0.185124 seconds.
  path: Assets/Prefabs/Powerup.prefab
  artifactKey: Guid(8ceedb96099aa1f4b9a66d9b182deb93) Importer(815301076,1909f56bfc062723c751e8b465ee728b)
Start importing Assets/Prefabs/Powerup.prefab using Guid(8ceedb96099aa1f4b9a66d9b182deb93) Importer(815301076,1909f56bfc062723c751e8b465ee728b)  -> (artifact id: '9f87e35e7a33aa612d9c1a833128cfed') in 0.010164 seconds 
========================================================================
Received Import Request.
  Time since last request: 0.187676 seconds.
  path: Assets/Prefabs/Powerup.prefab
  artifactKey: Guid(8ceedb96099aa1f4b9a66d9b182deb93) Importer(815301076,1909f56bfc062723c751e8b465ee728b)
Start importing Assets/Prefabs/Powerup.prefab using Guid(8ceedb96099aa1f4b9a66d9b182deb93) Importer(815301076,1909f56bfc062723c751e8b465ee728b)  -> (artifact id: 'aa5986a1ed26d7e717526a4c3d688f38') in 0.008463 seconds 
========================================================================
Received Import Request.
  Time since last request: 0.188257 seconds.
  path: Assets/Prefabs/Powerup.prefab
  artifactKey: Guid(8ceedb96099aa1f4b9a66d9b182deb93) Importer(815301076,1909f56bfc062723c751e8b465ee728b)
Start importing Assets/Prefabs/Powerup.prefab using Guid(8ceedb96099aa1f4b9a66d9b182deb93) Importer(815301076,1909f56bfc062723c751e8b465ee728b)  -> (artifact id: '64211de0de5f4d2ad9b801323cd79e6f') in 0.008515 seconds 
========================================================================
Received Import Request.
  Time since last request: 0.189758 seconds.
  path: Assets/Prefabs/Powerup.prefab
  artifactKey: Guid(8ceedb96099aa1f4b9a66d9b182deb93) Importer(815301076,1909f56bfc062723c751e8b465ee728b)
Start importing Assets/Prefabs/Powerup.prefab using Guid(8ceedb96099aa1f4b9a66d9b182deb93) Importer(815301076,1909f56bfc062723c751e8b465ee728b)  -> (artifact id: 'b9c9e9b9fe8b8e46f8204df54ab4ab1c') in 0.009080 seconds 
========================================================================
Received Import Request.
  Time since last request: 0.200087 seconds.
  path: Assets/Prefabs/Powerup.prefab
  artifactKey: Guid(8ceedb96099aa1f4b9a66d9b182deb93) Importer(815301076,1909f56bfc062723c751e8b465ee728b)
Start importing Assets/Prefabs/Powerup.prefab using Guid(8ceedb96099aa1f4b9a66d9b182deb93) Importer(815301076,1909f56bfc062723c751e8b465ee728b)  -> (artifact id: '746d582e35fdc4a27eb0037ebc2f3e2d') in 0.010441 seconds 
========================================================================
Received Import Request.
  Time since last request: 0.177939 seconds.
  path: Assets/Prefabs/Powerup.prefab
  artifactKey: Guid(8ceedb96099aa1f4b9a66d9b182deb93) Importer(815301076,1909f56bfc062723c751e8b465ee728b)
Start importing Assets/Prefabs/Powerup.prefab using Guid(8ceedb96099aa1f4b9a66d9b182deb93) Importer(815301076,1909f56bfc062723c751e8b465ee728b)  -> (artifact id: 'ea0959999cf341c59c8bcbb13d9c2c29') in 0.010065 seconds 
========================================================================
Received Import Request.
  Time since last request: 0.268295 seconds.
  path: Assets/Prefabs/Powerup.prefab
  artifactKey: Guid(8ceedb96099aa1f4b9a66d9b182deb93) Importer(815301076,1909f56bfc062723c751e8b465ee728b)
Start importing Assets/Prefabs/Powerup.prefab using Guid(8ceedb96099aa1f4b9a66d9b182deb93) Importer(815301076,1909f56bfc062723c751e8b465ee728b)  -> (artifact id: '53f1e09e1186d2122310d37f95a8b0f0') in 0.012783 seconds 
========================================================================
Received Prepare
Registering precompiled user dll's ...
Registered in 0.003590 seconds.
Begin MonoManager ReloadAssembly
Symbol file LoadedFromMemory doesn't match image C:\Users\Migoi\Desktop\Hieu\Unity-game\Library\PackageCache\com.unity.visualscripting@1.8.0\Editor\VisualScripting.Core\Dependencies\YamlDotNet\Unity.VisualScripting.YamlDotNet.dll
Symbol file LoadedFromMemory doesn't match image C:\Users\Migoi\Desktop\Hieu\Unity-game\Library\PackageCache\com.unity.visualscripting@1.8.0\Editor\VisualScripting.Core\Dependencies\DotNetZip\Unity.VisualScripting.IonicZip.dll
Native extension for WindowsStandalone target not found
Native extension for Android target not found
Native extension for WebGL target not found
Refreshing native plugins compatible for Editor in 0.50 ms, found 3 plugins.
Preloading 0 native plugins for Editor in 0.00 ms.
Mono: successfully reloaded assembly
- Completed reload, in  0.995 seconds
Domain Reload Profiling:
	ReloadAssembly (996ms)
		BeginReloadAssembly (160ms)
			ExecutionOrderSort (0ms)
			DisableScriptedObjects (5ms)
			BackupInstance (0ms)
			ReleaseScriptingObjects (0ms)
			CreateAndSetChildDomain (42ms)
		EndReloadAssembly (740ms)
			LoadAssemblies (106ms)
			RebuildTransferFunctionScriptingTraits (0ms)
			SetupTypeCache (251ms)
			ReleaseScriptCaches (1ms)
			RebuildScriptCaches (40ms)
			SetupLoadedEditorAssemblies (320ms)
				LogAssemblyErrors (0ms)
				InitializePlatformSupportModulesInManaged (19ms)
				SetLoadedEditorAssemblies (0ms)
				RefreshPlugins (1ms)
				BeforeProcessingInitializeOnLoad (69ms)
				ProcessInitializeOnLoadAttributes (204ms)
				ProcessInitializeOnLoadMethodAttributes (19ms)
				AfterProcessingInitializeOnLoad (6ms)
				EditorAssembliesLoaded (0ms)
			ExecutionOrderSort2 (0ms)
			AwakeInstancesAfterBackupRestoration (5ms)
Platform modules already initialized, skipping
Refreshing native plugins compatible for Editor in 1.69 ms, found 3 plugins.
Preloading 0 native plugins for Editor in 0.00 ms.
Unloading 3058 Unused Serialized files (Serialized files now loaded: 0)
Unloading 17 unused Assets / (80.3 KB). Loaded Objects now: 3608.
Memory consumption went from 114.0 MB to 113.9 MB.
Total: 3.414100 ms (FindLiveObjects: 0.373400 ms CreateObjectMapping: 0.241400 ms MarkObjects: 2.713800 ms  DeleteObjects: 0.084400 ms)

AssetImportParameters requested are different than current active one (requested -> active):
  custom:video-decoder-ogg-theora: a1e56fd34408186e4bbccfd4996cb3dc -> 
  custom:container-muxer-webm: aa71ff27fc2769a1b78a27578f13a17b -> 
  custom:container-demuxer-webm: 4f35f7cbe854078d1ac9338744f61a02 -> 
  custom:video-encoder-webm-vp8: eb34c28f22e8b96e1ab97ce403110664 -> 
  custom:audio-encoder-webm-vorbis: bf7c407c2cedff20999df2af8eb42d56 -> 
  custom:framework-win-MediaFoundation: 216162199b28c13a410421893ffa2e32 -> 
  custom:container-demuxer-ogg: 62fdf1f143b41e24485cea50d1cbac27 -> 
  custom:video-decoder-webm-vp8: 9c59270c3fd7afecdb556c50c9e8de78 -> 
  custom:audio-decoder-ogg-vorbis: bf7c407c2cedff20999df2af8eb42d56 -> 
========================================================================
Received Import Request.
  Time since last request: 4.241824 seconds.
  path: Assets/Prefabs/Powerup.prefab
  artifactKey: Guid(8ceedb96099aa1f4b9a66d9b182deb93) Importer(815301076,1909f56bfc062723c751e8b465ee728b)
Start importing Assets/Prefabs/Powerup.prefab using Guid(8ceedb96099aa1f4b9a66d9b182deb93) Importer(815301076,1909f56bfc062723c751e8b465ee728b)  -> (artifact id: '842d81566bde6bcdaad7c523cd1708bd') in 0.077691 seconds 
========================================================================
Received Import Request.
  Time since last request: 0.260803 seconds.
  path: Assets/Prefabs/Powerup.prefab
  artifactKey: Guid(8ceedb96099aa1f4b9a66d9b182deb93) Importer(815301076,1909f56bfc062723c751e8b465ee728b)
Start importing Assets/Prefabs/Powerup.prefab using Guid(8ceedb96099aa1f4b9a66d9b182deb93) Importer(815301076,1909f56bfc062723c751e8b465ee728b)  -> (artifact id: '01d4ca5c0f07b5f80b0f9ef9434ae087') in 0.018443 seconds 
========================================================================
Received Import Request.
  Time since last request: 0.177658 seconds.
  path: Assets/Prefabs/Powerup.prefab
  artifactKey: Guid(8ceedb96099aa1f4b9a66d9b182deb93) Importer(815301076,1909f56bfc062723c751e8b465ee728b)
Start importing Assets/Prefabs/Powerup.prefab using Guid(8ceedb96099aa1f4b9a66d9b182deb93) Importer(815301076,1909f56bfc062723c751e8b465ee728b)  -> (artifact id: 'b33154573256ab24605d01074965205a') in 0.008991 seconds 
========================================================================
Received Import Request.
  Time since last request: 0.192086 seconds.
  path: Assets/Prefabs/Powerup.prefab
  artifactKey: Guid(8ceedb96099aa1f4b9a66d9b182deb93) Importer(815301076,1909f56bfc062723c751e8b465ee728b)
Start importing Assets/Prefabs/Powerup.prefab using Guid(8ceedb96099aa1f4b9a66d9b182deb93) Importer(815301076,1909f56bfc062723c751e8b465ee728b)  -> (artifact id: '82b0339ac967736841432c2a4b8f35ff') in 0.008412 seconds 
========================================================================
Received Import Request.
  Time since last request: 0.183803 seconds.
  path: Assets/Prefabs/Powerup.prefab
  artifactKey: Guid(8ceedb96099aa1f4b9a66d9b182deb93) Importer(815301076,1909f56bfc062723c751e8b465ee728b)
Start importing Assets/Prefabs/Powerup.prefab using Guid(8ceedb96099aa1f4b9a66d9b182deb93) Importer(815301076,1909f56bfc062723c751e8b465ee728b)  -> (artifact id: 'f9765ca09e620c14c634686fc76f1e01') in 0.008702 seconds 
========================================================================
Received Import Request.
  Time since last request: 0.207177 seconds.
  path: Assets/Prefabs/Powerup.prefab
  artifactKey: Guid(8ceedb96099aa1f4b9a66d9b182deb93) Importer(815301076,1909f56bfc062723c751e8b465ee728b)
Start importing Assets/Prefabs/Powerup.prefab using Guid(8ceedb96099aa1f4b9a66d9b182deb93) Importer(815301076,1909f56bfc062723c751e8b465ee728b)  -> (artifact id: 'c77574a5e0a8e19d3c786cec2810d950') in 0.008807 seconds 
========================================================================
Received Import Request.
  Time since last request: 0.189096 seconds.
  path: Assets/Prefabs/Powerup.prefab
  artifactKey: Guid(8ceedb96099aa1f4b9a66d9b182deb93) Importer(815301076,1909f56bfc062723c751e8b465ee728b)
Start importing Assets/Prefabs/Powerup.prefab using Guid(8ceedb96099aa1f4b9a66d9b182deb93) Importer(815301076,1909f56bfc062723c751e8b465ee728b)  -> (artifact id: '20fde11b256b469354575ced5251b0b1') in 0.008590 seconds 
========================================================================
Received Import Request.
  Time since last request: 0.189415 seconds.
  path: Assets/Prefabs/Powerup.prefab
  artifactKey: Guid(8ceedb96099aa1f4b9a66d9b182deb93) Importer(815301076,1909f56bfc062723c751e8b465ee728b)
Start importing Assets/Prefabs/Powerup.prefab using Guid(8ceedb96099aa1f4b9a66d9b182deb93) Importer(815301076,1909f56bfc062723c751e8b465ee728b)  -> (artifact id: '15a6209b400eae5e0455bc62e6ba5e2d') in 0.008385 seconds 
========================================================================
Received Import Request.
  Time since last request: 0.188951 seconds.
  path: Assets/Prefabs/Powerup.prefab
  artifactKey: Guid(8ceedb96099aa1f4b9a66d9b182deb93) Importer(815301076,1909f56bfc062723c751e8b465ee728b)
Start importing Assets/Prefabs/Powerup.prefab using Guid(8ceedb96099aa1f4b9a66d9b182deb93) Importer(815301076,1909f56bfc062723c751e8b465ee728b)  -> (artifact id: '89b31eb225be9492b417947399d717ab') in 0.008996 seconds 
========================================================================
Received Import Request.
  Time since last request: 0.275193 seconds.
  path: Assets/Prefabs/Powerup.prefab
  artifactKey: Guid(8ceedb96099aa1f4b9a66d9b182deb93) Importer(815301076,1909f56bfc062723c751e8b465ee728b)
Start importing Assets/Prefabs/Powerup.prefab using Guid(8ceedb96099aa1f4b9a66d9b182deb93) Importer(815301076,1909f56bfc062723c751e8b465ee728b)  -> (artifact id: '5a6702d2ae15c3e976544f7527937faf') in 0.009812 seconds 
========================================================================
Received Prepare
Registering precompiled user dll's ...
Registered in 0.003582 seconds.
Begin MonoManager ReloadAssembly
Symbol file LoadedFromMemory doesn't match image C:\Users\Migoi\Desktop\Hieu\Unity-game\Library\PackageCache\com.unity.visualscripting@1.8.0\Editor\VisualScripting.Core\Dependencies\YamlDotNet\Unity.VisualScripting.YamlDotNet.dll
Symbol file LoadedFromMemory doesn't match image C:\Users\Migoi\Desktop\Hieu\Unity-game\Library\PackageCache\com.unity.visualscripting@1.8.0\Editor\VisualScripting.Core\Dependencies\DotNetZip\Unity.VisualScripting.IonicZip.dll
Native extension for WindowsStandalone target not found
Native extension for Android target not found
Native extension for WebGL target not found
Refreshing native plugins compatible for Editor in 0.86 ms, found 3 plugins.
Preloading 0 native plugins for Editor in 0.00 ms.
Mono: successfully reloaded assembly
- Completed reload, in  0.987 seconds
Domain Reload Profiling:
	ReloadAssembly (988ms)
		BeginReloadAssembly (141ms)
			ExecutionOrderSort (0ms)
			DisableScriptedObjects (5ms)
			BackupInstance (0ms)
			ReleaseScriptingObjects (0ms)
			CreateAndSetChildDomain (35ms)
		EndReloadAssembly (754ms)
			LoadAssemblies (92ms)
			RebuildTransferFunctionScriptingTraits (0ms)
			SetupTypeCache (254ms)
			ReleaseScriptCaches (1ms)
			RebuildScriptCaches (41ms)
			SetupLoadedEditorAssemblies (333ms)
				LogAssemblyErrors (0ms)
				InitializePlatformSupportModulesInManaged (23ms)
				SetLoadedEditorAssemblies (0ms)
				RefreshPlugins (1ms)
				BeforeProcessingInitializeOnLoad (70ms)
				ProcessInitializeOnLoadAttributes (211ms)
				ProcessInitializeOnLoadMethodAttributes (19ms)
				AfterProcessingInitializeOnLoad (8ms)
				EditorAssembliesLoaded (0ms)
			ExecutionOrderSort2 (0ms)
			AwakeInstancesAfterBackupRestoration (5ms)
Platform modules already initialized, skipping
Refreshing native plugins compatible for Editor in 2.18 ms, found 3 plugins.
Preloading 0 native plugins for Editor in 0.00 ms.
Unloading 3058 Unused Serialized files (Serialized files now loaded: 0)
Unloading 17 unused Assets / (80.1 KB). Loaded Objects now: 3611.
Memory consumption went from 114.0 MB to 114.0 MB.
Total: 2.800900 ms (FindLiveObjects: 0.286200 ms CreateObjectMapping: 0.165600 ms MarkObjects: 2.270200 ms  DeleteObjects: 0.078200 ms)

AssetImportParameters requested are different than current active one (requested -> active):
  custom:video-decoder-ogg-theora: a1e56fd34408186e4bbccfd4996cb3dc -> 
  custom:container-muxer-webm: aa71ff27fc2769a1b78a27578f13a17b -> 
  custom:container-demuxer-webm: 4f35f7cbe854078d1ac9338744f61a02 -> 
  custom:video-encoder-webm-vp8: eb34c28f22e8b96e1ab97ce403110664 -> 
  custom:audio-encoder-webm-vorbis: bf7c407c2cedff20999df2af8eb42d56 -> 
  custom:framework-win-MediaFoundation: 216162199b28c13a410421893ffa2e32 -> 
  custom:container-demuxer-ogg: 62fdf1f143b41e24485cea50d1cbac27 -> 
  custom:video-decoder-webm-vp8: 9c59270c3fd7afecdb556c50c9e8de78 -> 
  custom:audio-decoder-ogg-vorbis: bf7c407c2cedff20999df2af8eb42d56 -> 
========================================================================
Received Prepare
Registering precompiled user dll's ...
Registered in 0.003684 seconds.
Begin MonoManager ReloadAssembly
Symbol file LoadedFromMemory doesn't match image C:\Users\Migoi\Desktop\Hieu\Unity-game\Library\PackageCache\com.unity.visualscripting@1.8.0\Editor\VisualScripting.Core\Dependencies\YamlDotNet\Unity.VisualScripting.YamlDotNet.dll
Symbol file LoadedFromMemory doesn't match image C:\Users\Migoi\Desktop\Hieu\Unity-game\Library\PackageCache\com.unity.visualscripting@1.8.0\Editor\VisualScripting.Core\Dependencies\DotNetZip\Unity.VisualScripting.IonicZip.dll
Native extension for WindowsStandalone target not found
Native extension for Android target not found
Native extension for WebGL target not found
Refreshing native plugins compatible for Editor in 1.58 ms, found 3 plugins.
Preloading 0 native plugins for Editor in 0.00 ms.
Mono: successfully reloaded assembly
- Completed reload, in  1.005 seconds
Domain Reload Profiling:
	ReloadAssembly (1006ms)
		BeginReloadAssembly (139ms)
			ExecutionOrderSort (0ms)
			DisableScriptedObjects (6ms)
			BackupInstance (0ms)
			ReleaseScriptingObjects (0ms)
			CreateAndSetChildDomain (34ms)
		EndReloadAssembly (776ms)
			LoadAssemblies (93ms)
			RebuildTransferFunctionScriptingTraits (0ms)
			SetupTypeCache (264ms)
			ReleaseScriptCaches (1ms)
			RebuildScriptCaches (41ms)
			SetupLoadedEditorAssemblies (334ms)
				LogAssemblyErrors (0ms)
				InitializePlatformSupportModulesInManaged (24ms)
				SetLoadedEditorAssemblies (1ms)
				RefreshPlugins (2ms)
				BeforeProcessingInitializeOnLoad (77ms)
				ProcessInitializeOnLoadAttributes (202ms)
				ProcessInitializeOnLoadMethodAttributes (22ms)
				AfterProcessingInitializeOnLoad (7ms)
				EditorAssembliesLoaded (0ms)
			ExecutionOrderSort2 (0ms)
			AwakeInstancesAfterBackupRestoration (5ms)
Platform modules already initialized, skipping
Refreshing native plugins compatible for Editor in 1.81 ms, found 3 plugins.
Preloading 0 native plugins for Editor in 0.00 ms.
Unloading 3058 Unused Serialized files (Serialized files now loaded: 0)
Unloading 17 unused Assets / (80.2 KB). Loaded Objects now: 3614.
Memory consumption went from 114.0 MB to 114.0 MB.
Total: 3.058100 ms (FindLiveObjects: 0.316600 ms CreateObjectMapping: 0.229600 ms MarkObjects: 2.420100 ms  DeleteObjects: 0.091200 ms)

AssetImportParameters requested are different than current active one (requested -> active):
  custom:video-decoder-ogg-theora: a1e56fd34408186e4bbccfd4996cb3dc -> 
  custom:container-muxer-webm: aa71ff27fc2769a1b78a27578f13a17b -> 
  custom:container-demuxer-webm: 4f35f7cbe854078d1ac9338744f61a02 -> 
  custom:video-encoder-webm-vp8: eb34c28f22e8b96e1ab97ce403110664 -> 
  custom:audio-encoder-webm-vorbis: bf7c407c2cedff20999df2af8eb42d56 -> 
  custom:framework-win-MediaFoundation: 216162199b28c13a410421893ffa2e32 -> 
  custom:container-demuxer-ogg: 62fdf1f143b41e24485cea50d1cbac27 -> 
  custom:video-decoder-webm-vp8: 9c59270c3fd7afecdb556c50c9e8de78 -> 
  custom:audio-decoder-ogg-vorbis: bf7c407c2cedff20999df2af8eb42d56 -> 
========================================================================
Received Import Request.
  Time since last request: 53.876589 seconds.
  path: Assets/Prefabs/Powerup.prefab
  artifactKey: Guid(8ceedb96099aa1f4b9a66d9b182deb93) Importer(815301076,1909f56bfc062723c751e8b465ee728b)
Start importing Assets/Prefabs/Powerup.prefab using Guid(8ceedb96099aa1f4b9a66d9b182deb93) Importer(815301076,1909f56bfc062723c751e8b465ee728b)  -> (artifact id: '2fb585a685e9beaf3ba998f6c729c73f') in 0.073720 seconds 
========================================================================
Received Import Request.
  Time since last request: 43.547265 seconds.
  path: Assets/Course Library
  artifactKey: Guid(10a492cb0e85ae145b9cc221cc7928fa) Importer(815301076,1909f56bfc062723c751e8b465ee728b)
Start importing Assets/Course Library using Guid(10a492cb0e85ae145b9cc221cc7928fa) Importer(815301076,1909f56bfc062723c751e8b465ee728b)  -> (artifact id: 'debb3d41533890e9c155e62b1f062357') in 0.008385 seconds 
========================================================================
Received Import Request.
  Time since last request: 2.398096 seconds.
  path: Assets/Course Library/Textures
  artifactKey: Guid(8374f953160f8474da736dfbd18217e0) Importer(815301076,1909f56bfc062723c751e8b465ee728b)
Start importing Assets/Course Library/Textures using Guid(8374f953160f8474da736dfbd18217e0) Importer(815301076,1909f56bfc062723c751e8b465ee728b)  -> (artifact id: 'a33d4191c24c81f22604ac7faf792ead') in 0.006493 seconds 
========================================================================
Received Import Request.
  Time since last request: 0.098415 seconds.
  path: Assets/Course Library/Textures/PolygonPrototype_Texture_Grid_01.png
  artifactKey: Guid(2a09470ada0c47849ad79d26363f8e4a) Importer(815301076,1909f56bfc062723c751e8b465ee728b)
Start importing Assets/Course Library/Textures/PolygonPrototype_Texture_Grid_01.png using Guid(2a09470ada0c47849ad79d26363f8e4a) Importer(815301076,1909f56bfc062723c751e8b465ee728b)  -> (artifact id: '6cef46699f3eb5ca5da1e539de0b8738') in 0.054200 seconds 
========================================================================
Received Import Request.
  Time since last request: 0.000017 seconds.
  path: Assets/Course Library/Textures/PolygonPrototype_Texture_Grid_08.png
  artifactKey: Guid(1d12fa396a3563b41b9ae11b0fb0b986) Importer(815301076,1909f56bfc062723c751e8b465ee728b)
Start importing Assets/Course Library/Textures/PolygonPrototype_Texture_Grid_08.png using Guid(1d12fa396a3563b41b9ae11b0fb0b986) Importer(815301076,1909f56bfc062723c751e8b465ee728b)  -> (artifact id: '39fd7885059b631aceb0ea72015c3417') in 0.013435 seconds 
========================================================================
Received Import Request.
  Time since last request: 0.000015 seconds.
  path: Assets/Course Library/Textures/PolygonPrototype_Texture_Grid_07.png
  artifactKey: Guid(7789f4efbb0f45c4780925243375a18e) Importer(815301076,1909f56bfc062723c751e8b465ee728b)
Start importing Assets/Course Library/Textures/PolygonPrototype_Texture_Grid_07.png using Guid(7789f4efbb0f45c4780925243375a18e) Importer(815301076,1909f56bfc062723c751e8b465ee728b)  -> (artifact id: 'f288a927c6b8f2cff3caf9ba6bc8b96e') in 0.014370 seconds 
========================================================================
Received Import Request.
  Time since last request: 0.000022 seconds.
  path: Assets/Course Library/Textures/PolygonPrototype_Texture_Grid_04.png
  artifactKey: Guid(c7c5239ae4b2ace4d8774918a50a940a) Importer(815301076,1909f56bfc062723c751e8b465ee728b)
Start importing Assets/Course Library/Textures/PolygonPrototype_Texture_Grid_04.png using Guid(c7c5239ae4b2ace4d8774918a50a940a) Importer(815301076,1909f56bfc062723c751e8b465ee728b)  -> (artifact id: '6f28519816fcc584b0a9e66d3701f829') in 0.013315 seconds 
========================================================================
Received Import Request.
  Time since last request: 0.000021 seconds.
  path: Assets/Course Library/Textures/PolygonPrototype_Texture_Grid_Glass_01.png
  artifactKey: Guid(1432e62c10501d147a873c128326f711) Importer(815301076,1909f56bfc062723c751e8b465ee728b)
Start importing Assets/Course Library/Textures/PolygonPrototype_Texture_Grid_Glass_01.png using Guid(1432e62c10501d147a873c128326f711) Importer(815301076,1909f56bfc062723c751e8b465ee728b)  -> (artifact id: '7e019b7dbe80cf6acc025f80a64d8620') in 0.015132 seconds 
========================================================================
Received Import Request.
  Time since last request: 2.062173 seconds.
  path: Assets/Course Library/Sky
  artifactKey: Guid(9fb9a28e9debe493caa0fac03c12d2c2) Importer(815301076,1909f56bfc062723c751e8b465ee728b)
Start importing Assets/Course Library/Sky using Guid(9fb9a28e9debe493caa0fac03c12d2c2) Importer(815301076,1909f56bfc062723c751e8b465ee728b)  -> (artifact id: '9a370c2c89c8a3be1404ec99bbf0d008') in 0.008977 seconds 
========================================================================
Received Prepare
Registering precompiled user dll's ...
Registered in 0.004085 seconds.
Begin MonoManager ReloadAssembly
Symbol file LoadedFromMemory doesn't match image C:\Users\Migoi\Desktop\Hieu\Unity-game\Library\PackageCache\com.unity.visualscripting@1.8.0\Editor\VisualScripting.Core\Dependencies\YamlDotNet\Unity.VisualScripting.YamlDotNet.dll
Symbol file LoadedFromMemory doesn't match image C:\Users\Migoi\Desktop\Hieu\Unity-game\Library\PackageCache\com.unity.visualscripting@1.8.0\Editor\VisualScripting.Core\Dependencies\DotNetZip\Unity.VisualScripting.IonicZip.dll
Native extension for WindowsStandalone target not found
Native extension for Android target not found
Native extension for WebGL target not found
Refreshing native plugins compatible for Editor in 0.54 ms, found 3 plugins.
Preloading 0 native plugins for Editor in 0.00 ms.
Mono: successfully reloaded assembly
- Completed reload, in  1.134 seconds
Domain Reload Profiling:
	ReloadAssembly (1135ms)
		BeginReloadAssembly (162ms)
			ExecutionOrderSort (0ms)
			DisableScriptedObjects (5ms)
			BackupInstance (0ms)
			ReleaseScriptingObjects (0ms)
			CreateAndSetChildDomain (44ms)
		EndReloadAssembly (868ms)
			LoadAssemblies (111ms)
			RebuildTransferFunctionScriptingTraits (0ms)
			SetupTypeCache (306ms)
			ReleaseScriptCaches (2ms)
			RebuildScriptCaches (48ms)
			SetupLoadedEditorAssemblies (369ms)
				LogAssemblyErrors (0ms)
				InitializePlatformSupportModulesInManaged (25ms)
				SetLoadedEditorAssemblies (0ms)
				RefreshPlugins (1ms)
				BeforeProcessingInitializeOnLoad (68ms)
				ProcessInitializeOnLoadAttributes (238ms)
				ProcessInitializeOnLoadMethodAttributes (29ms)
				AfterProcessingInitializeOnLoad (8ms)
				EditorAssembliesLoaded (0ms)
			ExecutionOrderSort2 (0ms)
			AwakeInstancesAfterBackupRestoration (6ms)
Platform modules already initialized, skipping
Refreshing native plugins compatible for Editor in 2.64 ms, found 3 plugins.
Preloading 0 native plugins for Editor in 0.00 ms.
Unloading 3058 Unused Serialized files (Serialized files now loaded: 0)
Unloading 17 unused Assets / (80.2 KB). Loaded Objects now: 3619.
Memory consumption went from 114.1 MB to 114.0 MB.
Total: 4.808900 ms (FindLiveObjects: 0.317600 ms CreateObjectMapping: 0.174100 ms MarkObjects: 4.136500 ms  DeleteObjects: 0.179700 ms)

AssetImportParameters requested are different than current active one (requested -> active):
  custom:video-decoder-ogg-theora: a1e56fd34408186e4bbccfd4996cb3dc -> 
  custom:container-muxer-webm: aa71ff27fc2769a1b78a27578f13a17b -> 
  custom:container-demuxer-webm: 4f35f7cbe854078d1ac9338744f61a02 -> 
  custom:video-encoder-webm-vp8: eb34c28f22e8b96e1ab97ce403110664 -> 
  custom:audio-encoder-webm-vorbis: bf7c407c2cedff20999df2af8eb42d56 -> 
  custom:framework-win-MediaFoundation: 216162199b28c13a410421893ffa2e32 -> 
  custom:container-demuxer-ogg: 62fdf1f143b41e24485cea50d1cbac27 -> 
  custom:video-decoder-webm-vp8: 9c59270c3fd7afecdb556c50c9e8de78 -> 
  custom:audio-decoder-ogg-vorbis: bf7c407c2cedff20999df2af8eb42d56 -> 
Editor requested this worker to shutdown with reason: Scaling down because of idle timeout
AssetImportWorker is now disconnected from the server
Process exiting
Exiting without the bug reporter. Application will terminate with return code 0